TN:
SF:dmrpp_generator/__init__.py
DA:1,1,1B2M2Y8AsgTpgAmY7PhCfg
LF:0
LH:0
end_of_record
TN:
SF:dmrpp_generator/dmrpp_options.py
DA:1,1,EZEzNmL93PY96zsSuI0PfQ
DA:2,1,7Z9Lj4ed27Wf2hBX6jooEA
DA:3,1,p7hNY1S5rX9QtYADf+cK4g
DA:4,1,0t59A2pUddEli7Tf50PQNA
DA:5,1,QSrBaGujxtRFV19yo08h4g
DA:6,1,jkHhMsABSAn8fG2ZAQpm1g
DA:9,1,vrzMeWu0lDmSk5j+pvFznA
DA:10,1,/ZvqiDY7XVzMiSFdpC6ZCg
DA:13,1,LQ38tWLDlPvjMEaqfXZxeA
DA:14,1,JqM2JIoXyurm4rsSHv3jbQ
DA:15,1,PZCAZDhYKzVXsAaSIXZqCg
DA:16,1,OLlw54/m7l6s87iWAQ5+Ig
DA:18,1,egB5ztqYVxaIrO8sUBfcdA
DA:32,1,KxgaGtJPkScc4OG7mJ59vg
DA:33,1,Y+rx7vq9B9Qh1RaLmBRlWA
DA:41,1,WYWhEV/izJ/1ryOsjeZMFw
DA:57,1,1C2a1nJTBf+RKoy1EluQow
DA:74,1,TnvACtkihZlDN3hHAdUv8w
DA:79,1,kCe2Ak45BAaFbDQ8uUb1DA
DA:80,1,nwtW1HKiwWtL/58fyinQ3Q
DA:81,1,0+ZRP+yrxK3O/vgXBM/lrg
DA:82,1,jEwQN/JHsppRhJrnthGOnA
DA:84,1,S1NQUJ+8CjmE5Yt2Ml9GCQ
DA:85,1,t66reQxVFfRjoTKo/GMwVg
DA:86,1,RReysExPAmjxIuyRHhkgkg
DA:87,1,r6oKmrIMO2qmDHFdzUe3rg
DA:88,1,alB/hERGtWGrEZbPuUhsKQ
DA:89,1,OH1G3R9e4BgolZy1cfm2Qw
DA:92,1,PCd+tTkojc+/9k3Gg2wfWw
DA:120,1,PdeqDqr4bOft68ON3+/7kg
DA:23,0,cvtlo2B4nhqy6nGRj+uItA
DA:24,0,0WNFgO331UVhMJWEe9G/iw
DA:25,0,7A2OfZWT5CC1RNw41g49zQ
DA:26,0,Hl9H+IXg/uEgEKxYr6NhFA
DA:28,0,dcQKY3JQEqDGflopU25BQA
DA:29,0,W9SJHDg0KaSWhLypyHYEMQ
DA:30,0,a+Xna4GrzUOvY3Xlrc1ZaA
DA:37,0,NYCrBV99eOY/7kzO+NZXQg
DA:38,0,YcV4LREuzKo9xop9SRxX8g
DA:39,0,njWxidZyWmVL4T2k2iA0xQ
DA:47,0,xjcDBnSwra0OiNOAYAwoHA
DA:48,0,4lY3q/h4jkGl7CYqPK9O7Q
DA:49,0,XxLYR2PHZfBjAkoy5UGX3w
DA:50,0,BqetJ5dKZbD2pb9Xx2G/Nw
DA:51,0,pDFoC726T75iiP8mWjgZpQ
DA:52,0,dW6MHaAZ1Mql09wO71QgkQ
DA:53,0,qVIb0kKVeTz+m7sqHbys3g
DA:54,0,Ee+Ry4/Y+1gd+wEWkQPy3Q
DA:55,0,wWvyVCzDRWfTVXhFZNNl1w
DA:63,0,ibuojMkceefHyDPlxsjUCA
DA:64,0,LdxzM1UApYYINANEpX25Vg
DA:65,0,mQQqH6JAMvIceF/hODqGEg
DA:66,0,xjcDBnSwra0OiNOAYAwoHA
DA:67,0,PWzrwDxJ4qrNlrBQ7xO00w
DA:68,0,pDFoC726T75iiP8mWjgZpQ
DA:69,0,dW6MHaAZ1Mql09wO71QgkQ
DA:70,0,qVIb0kKVeTz+m7sqHbys3g
DA:71,0,Ee+Ry4/Y+1gd+wEWkQPy3Q
DA:72,0,wWvyVCzDRWfTVXhFZNNl1w
DA:83,0,y0TDegDZBiwz83HL+8hUmA
DA:93,0,dwgVLQ5BWACaPL5ZGvRyVQ
DA:115,0,QO0l+gJigev/wyd9n3APDA
DA:116,0,y2/tQHIKd+FDT3q+WIbLUw
LF:62
LH:29
end_of_record
TN:
SF:dmrpp_generator/main.py
DA:1,1,EZEzNmL93PY96zsSuI0PfQ
DA:2,1,7Z9Lj4ed27Wf2hBX6jooEA
DA:3,1,4KXOIu0EzlFAqlH6QJ+whA
DA:4,1,MUO1DK9exvj1m3MRNGS+yg
DA:5,1,XRh5gz49gzin2tgbGaB31w
DA:6,1,aTX6G9KSCGVh3bPCnYIj7w
DA:7,1,UKQ+7rouLlYgp/aPBRl6Uw
DA:8,1,vJU854t3KUkCPJdh78HhBg
DA:9,1,jvK5dQ7yOe+zkXZPElwTXg
DA:11,1,F/LqnHphQ3SD+C0K8V9NeQ
DA:14,1,Ms48n04Sq58a0LXIX4Omrg
DA:15,1,/ZvqiDY7XVzMiSFdpC6ZCg
DA:18,1,d6WicstFJ4a7/MNyP4SqUA
DA:19,1,b7mGR/cm9UTTtySATsUoSw
DA:22,1,59mmDF5MdXXlnf65QbmRbQ
DA:23,1,/ZvqiDY7XVzMiSFdpC6ZCg
DA:29,1,jt085UNNqdhzxz0PqFj94Q
DA:30,1,DZtSd2eFCbLaOQqiFTlFlQ
DA:32,1,oovxaDwu/HKinwwl8GG2yA
DA:36,1,v/gAddmz1bc4vkkv+I2M/w
DA:40,1,61bE+xOeyuyQ7uI1HKhD2g
DA:41,1,ubZxksPAt2F3b8spXxPmAA
DA:43,1,KtYnacdjHHEWgqRnt2aYEg
DA:44,1,BzTtGRMkabOm7/Jt/6Qkww
DA:45,1,tcmB8WNxsaBngpL+B/dOfA
DA:46,1,9Sz6CH9hRRI3O5Mq0P70Dg
DA:47,1,qCjjZy5SFLM1I8l3QJInjQ
DA:50,1,awm86rLRkV7bD6ie0JJH+A
DA:54,1,ggxJ1nk7wEgIByn6ic6Z/g
DA:55,1,BOyvPZ+7dvWE8ttjJfH/Mg
DA:56,1,cYrwYrflavMow5c9KJC2Eg
DA:58,1,HmADa1g/W1C2Vo9Wm4sNNA
DA:59,1,+471sH1WAsz52UH+R4OVcA
DA:60,1,xD//Fkn+kpQyWk8pVb3isQ
DA:64,1,KxgaGtJPkScc4OG7mJ59vg
DA:65,1,NrgUKjEea8oIODgSn56TiQ
DA:73,1,TnXiFcPVWMdv7eCjOwFUaQ
DA:74,1,lMoEHqKnUQaAJXAnrGqvlg
DA:76,1,fnOMlrsG8ctY8yr3KtWutA
DA:78,1,KxgaGtJPkScc4OG7mJ59vg
DA:79,1,rhMxJrX8J5fRfTcfTi0DwQ
DA:87,1,dR5CcAfi3ObyLXlxvCagig
DA:88,1,DrO+YAFPlSDYjh2ZEcZtSQ
DA:89,1,dh1WmS6xVFjAJ+/af1F4TQ
DA:92,1,a5kdy7EeKvuc+udAqsujFQ
DA:94,1,8xQhSyZp6ZWQlOYqMUpdUA
DA:98,1,KS4i0clgCt+beFosCbbzHQ
DA:103,1,NLa8rPE1rpF6ujdhxI3sZw
DA:104,1,mCl1ZQn3f9N1l4kfDIp76g
DA:105,1,xRH0zDZrX5O77FhR073RkQ
DA:106,1,xlE1AIwgg0w9Yy1q2OvTsw
DA:107,1,rjexkF1gUtnVumDNEw8Sqg
DA:108,1,vruiSoCfXhQpzd2jlQ3X6Q
DA:109,1,1ZOWda5qkpG+4eah6gbD1Q
DA:110,1,ZdHnErnfqgppAKKzlQS+FA
DA:111,1,LVwj3jRbfs0GKvKGdOgdXw
DA:113,1,eqbXBPv2ES+sqKXPKY+Ruw
DA:114,1,qtXk2WdElfar5aBme8Go1Q
DA:116,1,2D5Uvl2uTo8Av9lwHD+h0g
DA:117,1,T3yRVagm0UnhfOAa5EGEiA
DA:119,1,OBdGZWEPCuWe4Mo0HJVYYw
DA:120,1,y/jLCYI8T+ukjVaPgaONog
DA:121,1,SfixwNWl0maoj+lZmSwgAw
DA:122,1,ZXS/3fOmx03C5VWv5BUQ9w
DA:129,1,dfjeEbdvbz9Da3jR6w4xEQ
DA:130,1,xNpakM4GjPy9boJHJS+IFg
DA:132,1,+O1MtLJXWAgZBZ1p3tKS+Q
DA:135,1,n3uqu5AsSubjXWAJLVpsuw
DA:136,1,X7anWRlN5WrezhMdE5sluQ
DA:138,1,vqqtucNju2g1ITaMzoqUsA
DA:140,1,2DeuuRy3/khuaF5k/xUcSw
DA:142,1,KxgaGtJPkScc4OG7mJ59vg
DA:143,1,ay68o4FRU5VWxXHSYB+6ww
DA:145,1,SIbCA8J95vVLyZwc9lXPnQ
DA:146,1,YjX/Rqf/Vyk+IzNx6JR4Bw
DA:147,1,rHb+seMEMglo+p22O5+idA
DA:148,1,J5PA+j7mbg/Uib6mT6uN+g
DA:151,1,sH6AVlKO9qdUYgp46IvY3w
DA:153,1,KxgaGtJPkScc4OG7mJ59vg
DA:154,1,v8TMmVCDit4hrwNpF8Az8g
DA:155,1,LUYguQ3x7zy4TY+1XDh6Rw
DA:156,1,rjexkF1gUtnVumDNEw8Sqg
DA:157,1,2DgHvbrEOj9WSwqJqpmLNw
DA:158,1,zk3tn+mVK8NB7uzu13AFUw
DA:159,1,gl1kP3KW9ymZaQ/jBhNXxg
DA:160,1,bILj4pY/pxwJC6+WfN+YlQ
DA:161,1,TkOe0ud6A7qNYyDNSqMViw
DA:162,1,pOJwuGdEbe7GLbMcySd1QA
DA:164,1,72TzBxwuroGasqIrJjIVDg
DA:167,1,2tWG4sF4+SbaZX0Jpq2Oyw
DA:171,1,2QMxO3RwPfRJlXEDHhK5nw
DA:172,1,vVIih4JP4CWyoMf5XalL8g
DA:173,1,d9PfaZDt4w+9ey+S3ZOvJQ
DA:174,1,W4poAvzCyjGyabySuWLxXg
DA:175,1,sx59BAwNuMwJXaWG4Lg8xQ
DA:177,1,17YFJREF2XYFAd8JvhG8Wg
DA:179,1,s+B3SYIp7h2l3z8c0rgSEQ
DA:184,1,QE5BqMBWzEeNwmMox4ItSg
DA:185,1,OIAvCMSD+70detM1HMKKPQ
DA:192,1,2uYuKjx3bB4eGJuJkffr+g
DA:194,1,oPrcGLmXTEUVxlnoWL4Y3w
DA:195,1,uLSykWIkp/Y5U78H1smhXQ
DA:197,1,hjt6EcaJzHyFd//6ErhWHQ
DA:201,1,gMbJokM/hFG2hj2mUcHr2A
DA:202,1,4sEpY4yBrxj7odZA7BqiWw
DA:204,1,PlvzdtsgA8oJTzl8JtlVEA
DA:206,1,qGV/A2aWliz5vSmLk2xaWw
DA:211,1,2QMxO3RwPfRJlXEDHhK5nw
DA:212,1,3MhtGV78rKdUiOZbDk0wBg
DA:213,1,Msuq2Ylt4Lo48RklNSx/bw
DA:214,1,Nx8AnFmc/zZ4Q/CnTTFkvA
DA:215,1,FrzBBiukCmgC4H8m3Ws8Kg
DA:218,1,/HEN/XsvyUWrC0BjDR93QQ
DA:219,1,4EnP8P7s7SWZa2RA6faTUA
DA:220,1,TGfzbk79jOYuoRppJ7kjeQ
DA:223,1,xQVNdxAJxuGw1z9RcZmDQw
DA:75,0,TjBgCKrVmUu2LggylOilcg
DA:90,0,Og97ObjsKtGEz0/8HmLx3Q
DA:91,0,pOJwuGdEbe7GLbMcySd1QA
DA:96,0,B4vBJkzxLyr8E5LvoN7w2A
DA:133,0,kRVmkgBk4rNqiSq1mB6cZA
DA:149,0,21NXY8UA9Ts6QxI1zqQU4Q
DA:165,0,XrmVrgBNm53LGp74pID8Fg
DA:187,0,KBd+D1cQ8lvAWTXmjysY9Q
DA:188,0,gZ9PPPCeVIzn45bkxrotvQ
DA:189,0,9B50pUpwZH9arBkrRIlsXA
DA:190,0,/8OSaRsMmJp+uF82kF50RQ
DA:198,0,RVXKH1IvdkVttf96hMLdyg
DA:199,0,GGzH6EwX4056f2rfSc2Cpg
DA:216,0,W3UgfVoIx033gcZdfAbmYw
DA:217,0,q1BjeSQSczl4WN+sZEIIcA
DA:224,0,E4+oCYvIZs7jmxZJuS9ZMw
DA:225,0,ngPAH/VT3agn2VV+xoN5kA
DA:226,0,R6Hwwwu7nw9nrEvxKHGxTw
LF:132
LH:114
end_of_record
TN:
SF:dmrpp_generator/version.py
DA:1,1,0zJj7zv1XKWNiiECL7HuMA
LF:1
LH:1
end_of_record
TN:
SF:tests/test_dmrpp_command_line.py
DA:1,1,7Z9Lj4ed27Wf2hBX6jooEA
DA:2,1,3ijn/dNPscvvyHsHyPyRcA
DA:4,1,Dauh8TW9ohJrrV7y9OsZGw
DA:6,1,el5lSW/am3gE0HmewVoAXA
DA:7,1,/ZvqiDY7XVzMiSFdpC6ZCg
DA:11,1,kz0QeFW4e746KqPa5v4YxQ
DA:12,1,bMT6fK2ac9g0bqtMIHNKfg
DA:17,1,V1Ov2JP/nag/TmfGkwd8Rg
DA:19,1,CrruQlI6M1sf3Udpbmbe4A
DA:25,1,Q5dm1gnSiP/zYHHr8vQp/Q
DA:26,1,qNgB1/cK/6Dmkj4S3WphsA
DA:30,1,0VkjUTNeyf9Bb8VaKbYAbw
DA:35,1,uzF1juo6lpPTaQHi6eAIsw
DA:36,1,I2KW0KIetnG7XE4ACNkaMw
DA:38,1,lIPK/sIAK9iqKsXIrKigXw
DA:43,1,Q5dm1gnSiP/zYHHr8vQp/Q
DA:44,1,tCPrFEoMu9D23J+nB/kJsQ
DA:46,1,C8EmeODA2nFFafLCuSnDmw
DA:52,1,V1Ov2JP/nag/TmfGkwd8Rg
DA:55,1,0oJSvJHfo603SoIKtQXHdA
DA:60,1,hyOMIBw5FYqlUCcxnanxHw
DA:61,1,jCBx4LVPe70Cil1uOrstig
DA:64,1,Zb+3bsy9v3qGBsmZijiARw
DA:69,1,JCuM5bzRmQzm8jGAoIH5eg
DA:72,1,qRtv9BzKflS7fsQuEU97LA
LF:24
LH:24
end_of_record
TN:
SF:tests/test_generate_dmrpp.py
DA:1,1,7Z9Lj4ed27Wf2hBX6jooEA
DA:2,1,3ijn/dNPscvvyHsHyPyRcA
DA:3,1,+UvSl/UAzogVI8g6ls9lOA
DA:4,1,OaTlemF3bXMi5MP7Db8vkQ
DA:5,1,Dauh8TW9ohJrrV7y9OsZGw
DA:7,1,R4pyPwOGuBRzByWX784YaA
DA:8,1,/ZvqiDY7XVzMiSFdpC6ZCg
DA:11,1,DjAImifkBm0IIwbWxIW0ZA
DA:14,1,wjd2fdA7thepiEzoowNGAA
DA:15,1,/ZvqiDY7XVzMiSFdpC6ZCg
DA:18,1,jZj3CeN67GF287iV2DC12w
DA:19,1,e729kxgaU/IksqywqnkBBw
DA:20,1,0R8ZiA4yAsUKFclndfgs8w
DA:21,1,oN8r3uhAYWKc0dkq50dQXQ
DA:57,1,KqJq+C8ZBPTrCsexSN7m2Q
DA:58,1,EMA6cm/T7oh3p+p7j+BaMw
DA:59,1,ZMwTiXGFbMUTYnBcY6MrFw
DA:61,1,iDpEWof6jKfL4sh88QxXag
DA:63,1,ouwkITRPbHLzLYTRW8CdYQ
DA:64,1,S3HpYK9I4FPYd3fwhbnHJg
DA:66,1,xNrezOlr6WFJxnheau51IQ
DA:68,1,9biePDC36R1T+AteWHlUKQ
DA:70,1,w093SbxRfMwdf1piP/rr9A
DA:71,1,2HunC0I629UyyN+KCx0s3w
DA:72,1,1mQW7YcaKwRXKPCDi6zV3g
DA:77,1,aZvK0Xg6u6c+yFrXfai+/Q
DA:79,1,nkQSkdb6AyCfNL3hp97ewA
DA:80,1,rwAjee1DMcHKDFUQ78hJiA
DA:81,1,rwqrcJEWDiRgnL6lOrju8A
DA:83,1,bsVbo6j8uv+CK4FOeTrFjA
DA:88,1,h96BMJ2EqOBy2f4pU9BS9Q
DA:90,1,xoNqRgKG7HQ5jOPfsTWTdw
DA:91,1,SlGM58tl9IENsRwJvsnlGQ
DA:92,1,cik1/YtXirWozV40qQ+h1g
DA:93,1,PWj+sBa+OINMyk7Mc4tFFQ
DA:94,1,t7nSfM5nqZYGGff6j+Ek8g
DA:95,1,XPrOLxO9gwLT4qVJNZLjRQ
DA:96,1,YAfA67rtpJyt1CBG/FnGgg
DA:97,1,0qULwPgIHubzBMwt4EAluw
LF:37
LH:37
end_of_record
